This file contains any messages produced by compilers while
running configure, to aid debugging if configure makes a mistake.

It was created by nautilus-share configure 0.7.3, which was
generated by GNU Autoconf 2.67.  Invocation command line was

  $ ./configure --prefix=/usr

## --------- ##
## Platform. ##
## --------- ##

hostname = ArcoLinux-IsoBuilder
uname -m = x86_64
uname -r = 5.18.1-arch1-1
uname -s = Linux
uname -v = #1 SMP PREEMPT_DYNAMIC Mon, 30 May 2022 17:53:11 +0000

/usr/bin/uname -p = unknown
/bin/uname -X     = unknown

/bin/arch              = unknown
/usr/bin/arch -k       = unknown
/usr/convex/getsysinfo = unknown
/usr/bin/hostinfo      = unknown
/bin/machine           = unknown
/usr/bin/oslevel       = unknown
/bin/universe          = unknown

PATH: /home/erik/.bin
PATH: /usr/local/sbin
PATH: /usr/local/bin
PATH: /usr/bin
PATH: /usr/lib/jvm/default/bin
PATH: /usr/bin/site_perl
PATH: /usr/bin/vendor_perl
PATH: /usr/bin/core_perl
PATH: /var/lib/snapd/snap/bin


## ----------- ##
## Core tests. ##
## ----------- ##

configure:2417: checking for a BSD-compatible install
configure:2485: result: /usr/bin/install -c
configure:2496: checking whether build environment is sane
configure:2546: result: yes
configure:2687: checking for a thread-safe mkdir -p
configure:2726: result: /usr/bin/mkdir -p
configure:2739: checking for gawk
configure:2755: found /usr/bin/gawk
configure:2766: result: gawk
configure:2777: checking whether make sets $(MAKE)
configure:2799: result: yes
configure:2882: checking whether NLS is requested
configure:2891: result: yes
configure:2907: checking for style of include used by make
configure:2935: result: GNU
configure:3005: checking for gcc
configure:3021: found /usr/bin/gcc
configure:3032: result: gcc
configure:3261: checking for C compiler version
configure:3270: gcc --version >&5
gcc (GCC) 12.1.0
Copyright (C) 2022 Free Software Foundation, Inc.
This is free software; see the source for copying conditions.  There is NO
warranty; not even for MERCHANTABILITY or FITNESS FOR A PARTICULAR PURPOSE.

configure:3281: $? = 0
configure:3270: gcc -v >&5
Using built-in specs.
COLLECT_GCC=gcc
COLLECT_LTO_WRAPPER=/usr/lib/gcc/x86_64-pc-linux-gnu/12.1.0/lto-wrapper
Target: x86_64-pc-linux-gnu
Configured with: /build/gcc/src/gcc/configure --enable-languages=c,c++,ada,fortran,go,lto,objc,obj-c++ --enable-bootstrap --prefix=/usr --libdir=/usr/lib --libexecdir=/usr/lib --mandir=/usr/share/man --infodir=/usr/share/info --with-bugurl=https://bugs.archlinux.org/ --with-linker-hash-style=gnu --with-system-zlib --enable-__cxa_atexit --enable-cet=auto --enable-checking=release --enable-clocale=gnu --enable-default-pie --enable-default-ssp --enable-gnu-indirect-function --enable-gnu-unique-object --enable-linker-build-id --enable-lto --enable-multilib --enable-plugin --enable-shared --enable-threads=posix --disable-libssp --disable-libstdcxx-pch --disable-werror --with-build-config=bootstrap-lto --enable-link-serialization=1
Thread model: posix
Supported LTO compression algorithms: zlib zstd
gcc version 12.1.0 (GCC) 
configure:3281: $? = 0
configure:3270: gcc -V >&5
gcc: error: unrecognized command-line option '-V'
gcc: fatal error: no input files
compilation terminated.
configure:3281: $? = 1
configure:3270: gcc -qversion >&5
gcc: error: unrecognized command-line option '-qversion'; did you mean '--version'?
gcc: fatal error: no input files
compilation terminated.
configure:3281: $? = 1
configure:3301: checking whether the C compiler works
configure:3323: gcc -march=x86-64 -mtune=generic -O2 -pipe -fno-plt -fexceptions         -Wp,-D_FORTIFY_SOURCE=2 -Wformat -Werror=format-security         -fstack-clash-protection -fcf-protection  -Wl,-O1,--sort-common,--as-needed,-z,relro,-z,now conftest.c  >&5
configure:3327: $? = 0
configure:3375: result: yes
configure:3378: checking for C compiler default output file name
configure:3380: result: a.out
configure:3386: checking for suffix of executables
configure:3393: gcc -o conftest -march=x86-64 -mtune=generic -O2 -pipe -fno-plt -fexceptions         -Wp,-D_FORTIFY_SOURCE=2 -Wformat -Werror=format-security         -fstack-clash-protection -fcf-protection  -Wl,-O1,--sort-common,--as-needed,-z,relro,-z,now conftest.c  >&5
configure:3397: $? = 0
configure:3419: result: 
configure:3441: checking whether we are cross compiling
configure:3449: gcc -o conftest -march=x86-64 -mtune=generic -O2 -pipe -fno-plt -fexceptions         -Wp,-D_FORTIFY_SOURCE=2 -Wformat -Werror=format-security         -fstack-clash-protection -fcf-protection  -Wl,-O1,--sort-common,--as-needed,-z,relro,-z,now conftest.c  >&5
configure:3453: $? = 0
configure:3460: ./conftest
configure:3464: $? = 0
configure:3479: result: no
configure:3484: checking for suffix of object files
configure:3506: gcc -c -march=x86-64 -mtune=generic -O2 -pipe -fno-plt -fexceptions         -Wp,-D_FORTIFY_SOURCE=2 -Wformat -Werror=format-security         -fstack-clash-protection -fcf-protection  conftest.c >&5
configure:3510: $? = 0
configure:3531: result: o
configure:3535: checking whether we are using the GNU C compiler
configure:3554: gcc -c -march=x86-64 -mtune=generic -O2 -pipe -fno-plt -fexceptions         -Wp,-D_FORTIFY_SOURCE=2 -Wformat -Werror=format-security         -fstack-clash-protection -fcf-protection  conftest.c >&5
configure:3554: $? = 0
configure:3563: result: yes
configure:3572: checking whether gcc accepts -g
configure:3592: gcc -c -g  conftest.c >&5
configure:3592: $? = 0
configure:3633: result: yes
configure:3650: checking for gcc option to accept ISO C89
configure:3714: gcc  -c -march=x86-64 -mtune=generic -O2 -pipe -fno-plt -fexceptions         -Wp,-D_FORTIFY_SOURCE=2 -Wformat -Werror=format-security         -fstack-clash-protection -fcf-protection  conftest.c >&5
configure:3714: $? = 0
configure:3727: result: none needed
configure:3749: checking dependency style of gcc
configure:3859: result: gcc3
configure:3886: checking for intltool >= 0.29
configure:3893: result: 0.51.0 found
configure:3901: checking for intltool-update
configure:3919: found /usr/bin/intltool-update
configure:3931: result: /usr/bin/intltool-update
configure:3941: checking for intltool-merge
configure:3959: found /usr/bin/intltool-merge
configure:3971: result: /usr/bin/intltool-merge
configure:3981: checking for intltool-extract
configure:3999: found /usr/bin/intltool-extract
configure:4011: result: /usr/bin/intltool-extract
configure:4142: checking for xgettext
configure:4160: found /usr/bin/xgettext
configure:4172: result: /usr/bin/xgettext
configure:4182: checking for msgmerge
configure:4200: found /usr/bin/msgmerge
configure:4212: result: /usr/bin/msgmerge
configure:4222: checking for msgfmt
configure:4240: found /usr/bin/msgfmt
configure:4252: result: /usr/bin/msgfmt
configure:4262: checking for gmsgfmt
configure:4293: result: /usr/bin/msgfmt
configure:4313: checking for perl
configure:4331: found /usr/bin/perl
configure:4343: result: /usr/bin/perl
configure:4354: checking for perl >= 5.8.1
configure:4361: result: 5.36.0
configure:4365: checking for XML::Parser
configure:4368: result: ok
configure:4393: gcc -o conftest -march=x86-64 -mtune=generic -O2 -pipe -fno-plt -fexceptions         -Wp,-D_FORTIFY_SOURCE=2 -Wformat -Werror=format-security         -fstack-clash-protection -fcf-protection  -Wl,-O1,--sort-common,--as-needed,-z,relro,-z,now conftest.c  >&5
configure:4393: $? = 0
configure:4474: checking for gcc
configure:4501: result: gcc
configure:4730: checking for C compiler version
configure:4739: gcc --version >&5
gcc (GCC) 12.1.0
Copyright (C) 2022 Free Software Foundation, Inc.
This is free software; see the source for copying conditions.  There is NO
warranty; not even for MERCHANTABILITY or FITNESS FOR A PARTICULAR PURPOSE.

configure:4750: $? = 0
configure:4739: gcc -v >&5
Using built-in specs.
COLLECT_GCC=gcc
COLLECT_LTO_WRAPPER=/usr/lib/gcc/x86_64-pc-linux-gnu/12.1.0/lto-wrapper
Target: x86_64-pc-linux-gnu
Configured with: /build/gcc/src/gcc/configure --enable-languages=c,c++,ada,fortran,go,lto,objc,obj-c++ --enable-bootstrap --prefix=/usr --libdir=/usr/lib --libexecdir=/usr/lib --mandir=/usr/share/man --infodir=/usr/share/info --with-bugurl=https://bugs.archlinux.org/ --with-linker-hash-style=gnu --with-system-zlib --enable-__cxa_atexit --enable-cet=auto --enable-checking=release --enable-clocale=gnu --enable-default-pie --enable-default-ssp --enable-gnu-indirect-function --enable-gnu-unique-object --enable-linker-build-id --enable-lto --enable-multilib --enable-plugin --enable-shared --enable-threads=posix --disable-libssp --disable-libstdcxx-pch --disable-werror --with-build-config=bootstrap-lto --enable-link-serialization=1
Thread model: posix
Supported LTO compression algorithms: zlib zstd
gcc version 12.1.0 (GCC) 
configure:4750: $? = 0
configure:4739: gcc -V >&5
gcc: error: unrecognized command-line option '-V'
gcc: fatal error: no input files
compilation terminated.
configure:4750: $? = 1
configure:4739: gcc -qversion >&5
gcc: error: unrecognized command-line option '-qversion'; did you mean '--version'?
gcc: fatal error: no input files
compilation terminated.
configure:4750: $? = 1
configure:4754: checking whether we are using the GNU C compiler
configure:4782: result: yes
configure:4791: checking whether gcc accepts -g
configure:4852: result: yes
configure:4869: checking for gcc option to accept ISO C89
configure:4946: result: none needed
configure:4968: checking dependency style of gcc
configure:5078: result: gcc3
configure:5122: checking build system type
configure:5136: result: x86_64-unknown-linux-gnu
configure:5156: checking host system type
configure:5169: result: x86_64-unknown-linux-gnu
configure:5189: checking for a sed that does not truncate output
configure:5253: result: /usr/bin/sed
configure:5271: checking for grep that handles long lines and -e
configure:5329: result: /usr/bin/grep
configure:5334: checking for egrep
configure:5396: result: /usr/bin/grep -E
configure:5401: checking for fgrep
configure:5463: result: /usr/bin/grep -F
configure:5498: checking for ld used by gcc
configure:5565: result: /usr/bin/ld
configure:5572: checking if the linker (/usr/bin/ld) is GNU ld
configure:5587: result: yes
configure:5599: checking for BSD- or MS-compatible name lister (nm)
configure:5648: result: /usr/bin/nm -B
configure:5766: checking the name lister (/usr/bin/nm -B) interface
configure:5773: gcc -c -march=x86-64 -mtune=generic -O2 -pipe -fno-plt -fexceptions         -Wp,-D_FORTIFY_SOURCE=2 -Wformat -Werror=format-security         -fstack-clash-protection -fcf-protection  conftest.c >&5
configure:5776: /usr/bin/nm -B "conftest.o"
configure:5779: output
0000000000000000 B some_variable
configure:5786: result: BSD nm
configure:5789: checking whether ln -s works
configure:5793: result: yes
configure:5801: checking the maximum length of command line arguments
configure:5921: result: 1572864
configure:5938: checking whether the shell understands some XSI constructs
configure:5948: result: yes
configure:5952: checking whether the shell understands "+="
configure:5958: result: yes
configure:5993: checking for /usr/bin/ld option to reload object files
configure:6000: result: -r
configure:6069: checking for objdump
configure:6085: found /usr/bin/objdump
configure:6096: result: objdump
configure:6128: checking how to recognize dependent libraries
configure:6324: result: pass_all
configure:6384: checking for ar
configure:6400: found /usr/bin/ar
configure:6411: result: ar
configure:6489: checking for strip
configure:6505: found /usr/bin/strip
configure:6516: result: strip
configure:6588: checking for ranlib
configure:6604: found /usr/bin/ranlib
configure:6615: result: ranlib
configure:6705: checking command to parse /usr/bin/nm -B output from gcc object
configure:6823: gcc -c -march=x86-64 -mtune=generic -O2 -pipe -fno-plt -fexceptions         -Wp,-D_FORTIFY_SOURCE=2 -Wformat -Werror=format-security         -fstack-clash-protection -fcf-protection  conftest.c >&5
configure:6826: $? = 0
configure:6830: /usr/bin/nm -B conftest.o \| sed -n -e 's/^.*[	 ]\([ABCDGIRSTW][ABCDGIRSTW]*\)[	 ][	 ]*\([_A-Za-z][_A-Za-z0-9]*\)$/\1 \2 \2/p' \> conftest.nm
configure:6833: $? = 0
configure:6887: gcc -o conftest -march=x86-64 -mtune=generic -O2 -pipe -fno-plt -fexceptions         -Wp,-D_FORTIFY_SOURCE=2 -Wformat -Werror=format-security         -fstack-clash-protection -fcf-protection  -Wl,-O1,--sort-common,--as-needed,-z,relro,-z,now conftest.c conftstm.o >&5
configure:6890: $? = 0
configure:6928: result: ok
configure:7023: gcc -c -march=x86-64 -mtune=generic -O2 -pipe -fno-plt -fexceptions         -Wp,-D_FORTIFY_SOURCE=2 -Wformat -Werror=format-security         -fstack-clash-protection -fcf-protection  conftest.c >&5
configure:7026: $? = 0
configure:7736: checking how to run the C preprocessor
configure:7767: gcc -E  conftest.c
configure:7767: $? = 0
configure:7781: gcc -E  conftest.c
conftest.c:11:10: fatal error: ac_nonexistent.h: No such file or directory
   11 | #include <ac_nonexistent.h>
      |          ^~~~~~~~~~~~~~~~~~
compilation terminated.
configure:7781: $? = 1
configure: failed program was:
| /* confdefs.h */
| #define PACKAGE_NAME "nautilus-share"
| #define PACKAGE_TARNAME "nautilus-share"
| #define PACKAGE_VERSION "0.7.3"
| #define PACKAGE_STRING "nautilus-share 0.7.3"
| #define PACKAGE_BUGREPORT ""
| #define PACKAGE_URL ""
| #define PACKAGE "nautilus-share"
| #define VERSION "0.7.3"
| /* end confdefs.h.  */
| #include <ac_nonexistent.h>
configure:7806: result: gcc -E
configure:7826: gcc -E  conftest.c
configure:7826: $? = 0
configure:7840: gcc -E  conftest.c
conftest.c:11:10: fatal error: ac_nonexistent.h: No such file or directory
   11 | #include <ac_nonexistent.h>
      |          ^~~~~~~~~~~~~~~~~~
compilation terminated.
configure:7840: $? = 1
configure: failed program was:
| /* confdefs.h */
| #define PACKAGE_NAME "nautilus-share"
| #define PACKAGE_TARNAME "nautilus-share"
| #define PACKAGE_VERSION "0.7.3"
| #define PACKAGE_STRING "nautilus-share 0.7.3"
| #define PACKAGE_BUGREPORT ""
| #define PACKAGE_URL ""
| #define PACKAGE "nautilus-share"
| #define VERSION "0.7.3"
| /* end confdefs.h.  */
| #include <ac_nonexistent.h>
configure:7869: checking for ANSI C header files
configure:7889: gcc -c -march=x86-64 -mtune=generic -O2 -pipe -fno-plt -fexceptions         -Wp,-D_FORTIFY_SOURCE=2 -Wformat -Werror=format-security         -fstack-clash-protection -fcf-protection  conftest.c >&5
configure:7889: $? = 0
configure:7962: gcc -o conftest -march=x86-64 -mtune=generic -O2 -pipe -fno-plt -fexceptions         -Wp,-D_FORTIFY_SOURCE=2 -Wformat -Werror=format-security         -fstack-clash-protection -fcf-protection  -Wl,-O1,--sort-common,--as-needed,-z,relro,-z,now conftest.c  >&5
configure:7962: $? = 0
configure:7962: ./conftest
configure:7962: $? = 0
configure:7973: result: yes
configure:7986: checking for sys/types.h
configure:7986: gcc -c -march=x86-64 -mtune=generic -O2 -pipe -fno-plt -fexceptions         -Wp,-D_FORTIFY_SOURCE=2 -Wformat -Werror=format-security         -fstack-clash-protection -fcf-protection  conftest.c >&5
configure:7986: $? = 0
configure:7986: result: yes
configure:7986: checking for sys/stat.h
configure:7986: gcc -c -march=x86-64 -mtune=generic -O2 -pipe -fno-plt -fexceptions         -Wp,-D_FORTIFY_SOURCE=2 -Wformat -Werror=format-security         -fstack-clash-protection -fcf-protection  conftest.c >&5
configure:7986: $? = 0
configure:7986: result: yes
configure:7986: checking for stdlib.h
configure:7986: gcc -c -march=x86-64 -mtune=generic -O2 -pipe -fno-plt -fexceptions         -Wp,-D_FORTIFY_SOURCE=2 -Wformat -Werror=format-security         -fstack-clash-protection -fcf-protection  conftest.c >&5
configure:7986: $? = 0
configure:7986: result: yes
configure:7986: checking for string.h
configure:7986: gcc -c -march=x86-64 -mtune=generic -O2 -pipe -fno-plt -fexceptions         -Wp,-D_FORTIFY_SOURCE=2 -Wformat -Werror=format-security         -fstack-clash-protection -fcf-protection  conftest.c >&5
configure:7986: $? = 0
configure:7986: result: yes
configure:7986: checking for memory.h
configure:7986: gcc -c -march=x86-64 -mtune=generic -O2 -pipe -fno-plt -fexceptions         -Wp,-D_FORTIFY_SOURCE=2 -Wformat -Werror=format-security         -fstack-clash-protection -fcf-protection  conftest.c >&5
configure:7986: $? = 0
configure:7986: result: yes
configure:7986: checking for strings.h
configure:7986: gcc -c -march=x86-64 -mtune=generic -O2 -pipe -fno-plt -fexceptions         -Wp,-D_FORTIFY_SOURCE=2 -Wformat -Werror=format-security         -fstack-clash-protection -fcf-protection  conftest.c >&5
configure:7986: $? = 0
configure:7986: result: yes
configure:7986: checking for inttypes.h
configure:7986: gcc -c -march=x86-64 -mtune=generic -O2 -pipe -fno-plt -fexceptions         -Wp,-D_FORTIFY_SOURCE=2 -Wformat -Werror=format-security         -fstack-clash-protection -fcf-protection  conftest.c >&5
configure:7986: $? = 0
configure:7986: result: yes
configure:7986: checking for stdint.h
configure:7986: gcc -c -march=x86-64 -mtune=generic -O2 -pipe -fno-plt -fexceptions         -Wp,-D_FORTIFY_SOURCE=2 -Wformat -Werror=format-security         -fstack-clash-protection -fcf-protection  conftest.c >&5
configure:7986: $? = 0
configure:7986: result: yes
configure:7986: checking for unistd.h
configure:7986: gcc -c -march=x86-64 -mtune=generic -O2 -pipe -fno-plt -fexceptions         -Wp,-D_FORTIFY_SOURCE=2 -Wformat -Werror=format-security         -fstack-clash-protection -fcf-protection  conftest.c >&5
configure:7986: $? = 0
configure:7986: result: yes
configure:8000: checking for dlfcn.h
configure:8000: gcc -c -march=x86-64 -mtune=generic -O2 -pipe -fno-plt -fexceptions         -Wp,-D_FORTIFY_SOURCE=2 -Wformat -Werror=format-security         -fstack-clash-protection -fcf-protection  conftest.c >&5
configure:8000: $? = 0
configure:8000: result: yes
configure:8184: checking for objdir
configure:8199: result: .libs
configure:8491: checking if gcc supports -fno-rtti -fno-exceptions
configure:8509: gcc -c -march=x86-64 -mtune=generic -O2 -pipe -fno-plt -fexceptions         -Wp,-D_FORTIFY_SOURCE=2 -Wformat -Werror=format-security         -fstack-clash-protection -fcf-protection  -fno-rtti -fno-exceptions conftest.c >&5
cc1: warning: command-line option '-fno-rtti' is valid for C++/D/ObjC++ but not for C
configure:8513: $? = 0
configure:8526: result: no
configure:8546: checking for gcc option to produce PIC
configure:8818: result: -fPIC -DPIC
configure:8830: checking if gcc PIC flag -fPIC -DPIC works
configure:8848: gcc -c -march=x86-64 -mtune=generic -O2 -pipe -fno-plt -fexceptions         -Wp,-D_FORTIFY_SOURCE=2 -Wformat -Werror=format-security         -fstack-clash-protection -fcf-protection  -fPIC -DPIC -DPIC conftest.c >&5
configure:8852: $? = 0
configure:8865: result: yes
configure:8889: checking if gcc static flag -static works
configure:8917: result: yes
configure:8932: checking if gcc supports -c -o file.o
configure:8953: gcc -c -march=x86-64 -mtune=generic -O2 -pipe -fno-plt -fexceptions         -Wp,-D_FORTIFY_SOURCE=2 -Wformat -Werror=format-security         -fstack-clash-protection -fcf-protection  -o out/conftest2.o conftest.c >&5
configure:8957: $? = 0
configure:8979: result: yes
configure:8987: checking if gcc supports -c -o file.o
configure:9034: result: yes
configure:9067: checking whether the gcc linker (/usr/bin/ld -m elf_x86_64) supports shared libraries
configure:10058: result: yes
configure:10095: checking whether -lc should be explicitly linked in
configure:10100: gcc -c -march=x86-64 -mtune=generic -O2 -pipe -fno-plt -fexceptions         -Wp,-D_FORTIFY_SOURCE=2 -Wformat -Werror=format-security         -fstack-clash-protection -fcf-protection  conftest.c >&5
configure:10103: $? = 0
configure:10118: gcc -shared conftest.o  -v -Wl,-soname -Wl,conftest -o conftest 2\>\&1 \| /usr/bin/grep  -lc  \>/dev/null 2\>\&1
configure:10121: $? = 0
configure:10133: result: no
configure:10297: checking dynamic linker characteristics
configure:10730: gcc -o conftest -march=x86-64 -mtune=generic -O2 -pipe -fno-plt -fexceptions         -Wp,-D_FORTIFY_SOURCE=2 -Wformat -Werror=format-security         -fstack-clash-protection -fcf-protection  -Wl,-O1,--sort-common,--as-needed,-z,relro,-z,now -Wl,-rpath -Wl,/foo conftest.c  >&5
configure:10730: $? = 0
configure:10960: result: GNU/Linux ld.so
configure:11062: checking how to hardcode library paths into programs
configure:11087: result: immediate
configure:11607: checking whether stripping libraries is possible
configure:11612: result: yes
configure:11647: checking if libtool supports shared libraries
configure:11649: result: yes
configure:11652: checking whether to build shared libraries
configure:11673: result: yes
configure:11676: checking whether to build static libraries
configure:11680: result: yes
configure:11718: checking for pkg-config
configure:11734: found /usr/bin/pkg-config
configure:11746: result: yes
configure:11812: checking for pkg-config
configure:11830: found /usr/bin/pkg-config
configure:11842: result: /usr/bin/pkg-config
configure:11867: checking pkg-config is at least version 0.9.0
configure:11870: result: yes
configure:11880: checking for NAUTILUS
configure:11887: $PKG_CONFIG --exists --print-errors "libnautilus-extension >= $NAUTILUS_REQUIRED"
configure:11890: $? = 0
configure:11903: $PKG_CONFIG --exists --print-errors "libnautilus-extension >= $NAUTILUS_REQUIRED"
configure:11906: $? = 0
configure:11963: result: yes
configure:11969: checking for GLIB
configure:11976: $PKG_CONFIG --exists --print-errors "glib-2.0 >= $GLIB_REQUIRED"
configure:11979: $? = 0
configure:11992: $PKG_CONFIG --exists --print-errors "glib-2.0 >= $GLIB_REQUIRED"
configure:11995: $? = 0
configure:12052: result: yes
configure:12098: checking locale.h usability
configure:12098: gcc -c -march=x86-64 -mtune=generic -O2 -pipe -fno-plt -fexceptions         -Wp,-D_FORTIFY_SOURCE=2 -Wformat -Werror=format-security         -fstack-clash-protection -fcf-protection  conftest.c >&5
configure:12098: $? = 0
configure:12098: result: yes
configure:12098: checking locale.h presence
configure:12098: gcc -E  conftest.c
configure:12098: $? = 0
configure:12098: result: yes
configure:12098: checking for locale.h
configure:12098: result: yes
configure:12109: checking for LC_MESSAGES
configure:12125: gcc -o conftest -march=x86-64 -mtune=generic -O2 -pipe -fno-plt -fexceptions         -Wp,-D_FORTIFY_SOURCE=2 -Wformat -Werror=format-security         -fstack-clash-protection -fcf-protection  -Wl,-O1,--sort-common,--as-needed,-z,relro,-z,now conftest.c  >&5
configure:12125: $? = 0
configure:12133: result: yes
configure:12150: checking libintl.h usability
configure:12150: gcc -c -march=x86-64 -mtune=generic -O2 -pipe -fno-plt -fexceptions         -Wp,-D_FORTIFY_SOURCE=2 -Wformat -Werror=format-security         -fstack-clash-protection -fcf-protection  conftest.c >&5
configure:12150: $? = 0
configure:12150: result: yes
configure:12150: checking libintl.h presence
configure:12150: gcc -E  conftest.c
configure:12150: $? = 0
configure:12150: result: yes
configure:12150: checking for libintl.h
configure:12150: result: yes
configure:12158: checking for ngettext in libc
configure:12176: gcc -o conftest -march=x86-64 -mtune=generic -O2 -pipe -fno-plt -fexceptions         -Wp,-D_FORTIFY_SOURCE=2 -Wformat -Werror=format-security         -fstack-clash-protection -fcf-protection  -Wl,-O1,--sort-common,--as-needed,-z,relro,-z,now conftest.c  >&5
configure:12176: $? = 0
configure:12185: result: yes
configure:12189: checking for dgettext in libc
configure:12207: gcc -o conftest -march=x86-64 -mtune=generic -O2 -pipe -fno-plt -fexceptions         -Wp,-D_FORTIFY_SOURCE=2 -Wformat -Werror=format-security         -fstack-clash-protection -fcf-protection  -Wl,-O1,--sort-common,--as-needed,-z,relro,-z,now conftest.c  >&5
configure:12207: $? = 0
configure:12216: result: yes
configure:12223: checking for bind_textdomain_codeset
configure:12223: gcc -o conftest -march=x86-64 -mtune=generic -O2 -pipe -fno-plt -fexceptions         -Wp,-D_FORTIFY_SOURCE=2 -Wformat -Werror=format-security         -fstack-clash-protection -fcf-protection  -Wl,-O1,--sort-common,--as-needed,-z,relro,-z,now conftest.c  >&5
configure:12223: $? = 0
configure:12223: result: yes
configure:12499: checking for msgfmt
configure:12526: result: /usr/bin/msgfmt
configure:12537: checking for dcgettext
configure:12537: gcc -o conftest -march=x86-64 -mtune=generic -O2 -pipe -fno-plt -fexceptions         -Wp,-D_FORTIFY_SOURCE=2 -Wformat -Werror=format-security         -fstack-clash-protection -fcf-protection  -Wl,-O1,--sort-common,--as-needed,-z,relro,-z,now conftest.c   >&5
conftest.c:52:6: warning: conflicting types for built-in function 'dcgettext'; expected 'char *(const char *, const char *, int)' [-Wbuiltin-declaration-mismatch]
   52 | char dcgettext ();
      |      ^~~~~~~~~
configure:12537: $? = 0
configure:12537: result: yes
configure:12547: checking if msgfmt accepts -c
configure:12562: $MSGFMT -c -o /dev/null conftest.foo
conftest.foo:3: warning: header field 'Language' missing in header
configure:12565: $? = 0
configure:12567: result: yes
configure:12577: checking for gmsgfmt
configure:12608: result: /usr/bin/msgfmt
configure:12618: checking for xgettext
configure:12645: result: /usr/bin/xgettext
configure:12664: gcc -o conftest -march=x86-64 -mtune=generic -O2 -pipe -fno-plt -fexceptions         -Wp,-D_FORTIFY_SOURCE=2 -Wformat -Werror=format-security         -fstack-clash-protection -fcf-protection  -Wl,-O1,--sort-common,--as-needed,-z,relro,-z,now conftest.c   >&5
configure:12664: $? = 0
configure:12742: checking for catalogs to be installed
configure:12767: result:  ar as ast bn_IN ca ca@valencia cs da de el en_GB eo es et de dz eu fi fr gl gu he hu id it kn ko lt ml mr nb oc pa pl pt pt_BR ro ru sl sv ta te uk vi zh_CN zh_HK zh_TW
configure:12948: creating ./config.status

## ---------------------- ##
## Running config.status. ##
## ---------------------- ##

This file was extended by nautilus-share config.status 0.7.3, which was
generated by GNU Autoconf 2.67.  Invocation command line was

  CONFIG_FILES    = 
  CONFIG_HEADERS  = 
  CONFIG_LINKS    = 
  CONFIG_COMMANDS = 
  $ ./config.status 

on ArcoLinux-IsoBuilder

config.status:1171: creating Makefile
config.status:1171: creating src/Makefile
config.status:1171: creating interfaces/Makefile
config.status:1171: creating po/Makefile.in
config.status:1171: creating config.h
config.status:1351: config.h is unchanged
config.status:1399: executing depfiles commands
config.status:1399: executing libtool commands
config.status:1399: executing default-1 commands
config.status:1399: executing po/stamp-it commands

## ---------------- ##
## Cache variables. ##
## ---------------- ##

ac_cv_build=x86_64-unknown-linux-gnu
ac_cv_c_compiler_gnu=yes
ac_cv_env_CC_set=
ac_cv_env_CC_value=
ac_cv_env_CFLAGS_set=set
ac_cv_env_CFLAGS_value='-march=x86-64 -mtune=generic -O2 -pipe -fno-plt -fexceptions         -Wp,-D_FORTIFY_SOURCE=2 -Wformat -Werror=format-security         -fstack-clash-protection -fcf-protection'
ac_cv_env_CPPFLAGS_set=
ac_cv_env_CPPFLAGS_value=
ac_cv_env_CPP_set=
ac_cv_env_CPP_value=
ac_cv_env_GLIB_CFLAGS_set=
ac_cv_env_GLIB_CFLAGS_value=
ac_cv_env_GLIB_LIBS_set=
ac_cv_env_GLIB_LIBS_value=
ac_cv_env_LDFLAGS_set=set
ac_cv_env_LDFLAGS_value=-Wl,-O1,--sort-common,--as-needed,-z,relro,-z,now
ac_cv_env_LIBS_set=
ac_cv_env_LIBS_value=
ac_cv_env_NAUTILUS_CFLAGS_set=
ac_cv_env_NAUTILUS_CFLAGS_value=
ac_cv_env_NAUTILUS_LIBS_set=
ac_cv_env_NAUTILUS_LIBS_value=
ac_cv_env_PKG_CONFIG_LIBDIR_set=
ac_cv_env_PKG_CONFIG_LIBDIR_value=
ac_cv_env_PKG_CONFIG_PATH_set=
ac_cv_env_PKG_CONFIG_PATH_value=
ac_cv_env_PKG_CONFIG_set=
ac_cv_env_PKG_CONFIG_value=
ac_cv_env_build_alias_set=
ac_cv_env_build_alias_value=
ac_cv_env_host_alias_set=
ac_cv_env_host_alias_value=
ac_cv_env_target_alias_set=
ac_cv_env_target_alias_value=
ac_cv_func_bind_textdomain_codeset=yes
ac_cv_func_dcgettext=yes
ac_cv_header_dlfcn_h=yes
ac_cv_header_inttypes_h=yes
ac_cv_header_libintl_h=yes
ac_cv_header_locale_h=yes
ac_cv_header_memory_h=yes
ac_cv_header_stdc=yes
ac_cv_header_stdint_h=yes
ac_cv_header_stdlib_h=yes
ac_cv_header_string_h=yes
ac_cv_header_strings_h=yes
ac_cv_header_sys_stat_h=yes
ac_cv_header_sys_types_h=yes
ac_cv_header_unistd_h=yes
ac_cv_host=x86_64-unknown-linux-gnu
ac_cv_objext=o
ac_cv_path_EGREP='/usr/bin/grep -E'
ac_cv_path_FGREP='/usr/bin/grep -F'
ac_cv_path_GMSGFMT=/usr/bin/msgfmt
ac_cv_path_GREP=/usr/bin/grep
ac_cv_path_INTLTOOL_EXTRACT=/usr/bin/intltool-extract
ac_cv_path_INTLTOOL_MERGE=/usr/bin/intltool-merge
ac_cv_path_INTLTOOL_PERL=/usr/bin/perl
ac_cv_path_INTLTOOL_UPDATE=/usr/bin/intltool-update
ac_cv_path_MSGFMT=/usr/bin/msgfmt
ac_cv_path_MSGMERGE=/usr/bin/msgmerge
ac_cv_path_SED=/usr/bin/sed
ac_cv_path_XGETTEXT=/usr/bin/xgettext
ac_cv_path_ac_pt_PKG_CONFIG=/usr/bin/pkg-config
ac_cv_path_install='/usr/bin/install -c'
ac_cv_path_mkdir=/usr/bin/mkdir
ac_cv_prog_AWK=gawk
ac_cv_prog_CPP='gcc -E'
ac_cv_prog_HAVE_PKGCONFIG=yes
ac_cv_prog_ac_ct_AR=ar
ac_cv_prog_ac_ct_CC=gcc
ac_cv_prog_ac_ct_OBJDUMP=objdump
ac_cv_prog_ac_ct_RANLIB=ranlib
ac_cv_prog_ac_ct_STRIP=strip
ac_cv_prog_cc_c89=
ac_cv_prog_cc_g=yes
ac_cv_prog_make_make_set=yes
am_cv_CC_dependencies_compiler_type=gcc3
am_cv_val_LC_MESSAGES=yes
gt_cv_func_dgettext_libc=yes
gt_cv_func_dgettext_libintl=no
gt_cv_func_ngettext_libc=yes
gt_cv_have_gettext=yes
lt_cv_deplibs_check_method=pass_all
lt_cv_file_magic_cmd='$MAGIC_CMD'
lt_cv_file_magic_test_file=
lt_cv_ld_reload_flag=-r
lt_cv_nm_interface='BSD nm'
lt_cv_objdir=.libs
lt_cv_path_LD=/usr/bin/ld
lt_cv_path_NM='/usr/bin/nm -B'
lt_cv_prog_compiler_c_o=yes
lt_cv_prog_compiler_pic_works=yes
lt_cv_prog_compiler_rtti_exceptions=no
lt_cv_prog_compiler_static_works=yes
lt_cv_prog_gnu_ld=yes
lt_cv_sys_global_symbol_pipe='sed -n -e '\''s/^.*[	 ]\([ABCDGIRSTW][ABCDGIRSTW]*\)[	 ][	 ]*\([_A-Za-z][_A-Za-z0-9]*\)$/\1 \2 \2/p'\'''
lt_cv_sys_global_symbol_to_c_name_address='sed -n -e '\''s/^: \([^ ]*\) $/  {\"\1\", (void *) 0},/p'\'' -e '\''s/^[ABCDGIRSTW]* \([^ ]*\) \([^ ]*\)$/  {"\2", (void *) \&\2},/p'\'''
lt_cv_sys_global_symbol_to_c_name_address_lib_prefix='sed -n -e '\''s/^: \([^ ]*\) $/  {\"\1\", (void *) 0},/p'\'' -e '\''s/^[ABCDGIRSTW]* \([^ ]*\) \(lib[^ ]*\)$/  {"\2", (void *) \&\2},/p'\'' -e '\''s/^[ABCDGIRSTW]* \([^ ]*\) \([^ ]*\)$/  {"lib\2", (void *) \&\2},/p'\'''
lt_cv_sys_global_symbol_to_cdecl='sed -n -e '\''s/^T .* \(.*\)$/extern int \1();/p'\'' -e '\''s/^[ABCDGIRSTW]* .* \(.*\)$/extern char \1;/p'\'''
lt_cv_sys_max_cmd_len=1572864
pkg_cv_GLIB_CFLAGS='-I/usr/include/glib-2.0 -I/usr/lib/glib-2.0/include -I/usr/include/sysprof-4 -pthread '
pkg_cv_GLIB_LIBS='-lglib-2.0 '
pkg_cv_NAUTILUS_CFLAGS='-I/usr/include/nautilus -I/usr/include/glib-2.0 -I/usr/lib/glib-2.0/include -I/usr/include/sysprof-4 -I/usr/include/libmount -I/usr/include/blkid -I/usr/include/gtk-3.0 -I/usr/include/pango-1.0 -I/usr/include/harfbuzz -I/usr/include/freetype2 -I/usr/include/libpng16 -I/usr/include/fribidi -I/usr/include/cairo -I/usr/include/lzo -I/usr/include/pixman-1 -I/usr/include/gdk-pixbuf-2.0 -I/usr/include/gio-unix-2.0 -I/usr/include/cloudproviders -I/usr/include/atk-1.0 -I/usr/include/at-spi2-atk/2.0 -I/usr/include/dbus-1.0 -I/usr/lib/dbus-1.0/include -I/usr/include/at-spi-2.0 -pthread '
pkg_cv_NAUTILUS_LIBS='-lnautilus-extension -lgtk-3 -lgdk-3 -lz -lpangocairo-1.0 -lpango-1.0 -lharfbuzz -latk-1.0 -lcairo-gobject -lcairo -lgdk_pixbuf-2.0 -lgio-2.0 -lgobject-2.0 -lglib-2.0 '

## ----------------- ##
## Output variables. ##
## ----------------- ##

ACLOCAL='${SHELL} /home/erik/ARCO/ARCOLINUX-PKGBUILD/arcolinux-pkgbuild-3party/ArcoLinux_special/arcolinux-nautilus-share/src/nautilus-share-0.7.3/missing --run aclocal-1.11'
ALL_LINGUAS='ar as ast bn_IN ca ca@valencia cs da de el en_GB eo es et de dz eu fi fr gl gu he hu id it kn ko lt ml mr nb oc pa pl pt pt_BR ro ru sl sv ta te uk vi zh_CN zh_HK zh_TW'
AMDEPBACKSLASH='\'
AMDEP_FALSE='#'
AMDEP_TRUE=''
AMTAR='${SHELL} /home/erik/ARCO/ARCOLINUX-PKGBUILD/arcolinux-pkgbuild-3party/ArcoLinux_special/arcolinux-nautilus-share/src/nautilus-share-0.7.3/missing --run tar'
AR='ar'
AUTOCONF='${SHELL} /home/erik/ARCO/ARCOLINUX-PKGBUILD/arcolinux-pkgbuild-3party/ArcoLinux_special/arcolinux-nautilus-share/src/nautilus-share-0.7.3/missing --run autoconf'
AUTOHEADER='${SHELL} /home/erik/ARCO/ARCOLINUX-PKGBUILD/arcolinux-pkgbuild-3party/ArcoLinux_special/arcolinux-nautilus-share/src/nautilus-share-0.7.3/missing --run autoheader'
AUTOMAKE='${SHELL} /home/erik/ARCO/ARCOLINUX-PKGBUILD/arcolinux-pkgbuild-3party/ArcoLinux_special/arcolinux-nautilus-share/src/nautilus-share-0.7.3/missing --run automake-1.11'
AWK='gawk'
CATALOGS=' ar.gmo as.gmo ast.gmo bn_IN.gmo ca.gmo ca@valencia.gmo cs.gmo da.gmo de.gmo el.gmo en_GB.gmo eo.gmo es.gmo et.gmo de.gmo dz.gmo eu.gmo fi.gmo fr.gmo gl.gmo gu.gmo he.gmo hu.gmo id.gmo it.gmo kn.gmo ko.gmo lt.gmo ml.gmo mr.gmo nb.gmo oc.gmo pa.gmo pl.gmo pt.gmo pt_BR.gmo ro.gmo ru.gmo sl.gmo sv.gmo ta.gmo te.gmo uk.gmo vi.gmo zh_CN.gmo zh_HK.gmo zh_TW.gmo'
CATOBJEXT='.gmo'
CC='gcc'
CCDEPMODE='depmode=gcc3'
CFLAGS='-march=x86-64 -mtune=generic -O2 -pipe -fno-plt -fexceptions         -Wp,-D_FORTIFY_SOURCE=2 -Wformat -Werror=format-security         -fstack-clash-protection -fcf-protection'
CPP='gcc -E'
CPPFLAGS=''
CYGPATH_W='echo'
DATADIRNAME='share'
DEFS='-DHAVE_CONFIG_H'
DEPDIR='.deps'
DSYMUTIL=''
DUMPBIN=''
ECHO_C=''
ECHO_N='-n'
ECHO_T=''
EGREP='/usr/bin/grep -E'
EXEEXT=''
FGREP='/usr/bin/grep -F'
GETTEXT_PACKAGE='nautilus-share'
GLIB_CFLAGS='-I/usr/include/glib-2.0 -I/usr/lib/glib-2.0/include -I/usr/include/sysprof-4 -pthread '
GLIB_LIBS='-lglib-2.0 '
GMOFILES=' ar.gmo as.gmo ast.gmo bn_IN.gmo ca.gmo ca@valencia.gmo cs.gmo da.gmo de.gmo el.gmo en_GB.gmo eo.gmo es.gmo et.gmo de.gmo dz.gmo eu.gmo fi.gmo fr.gmo gl.gmo gu.gmo he.gmo hu.gmo id.gmo it.gmo kn.gmo ko.gmo lt.gmo ml.gmo mr.gmo nb.gmo oc.gmo pa.gmo pl.gmo pt.gmo pt_BR.gmo ro.gmo ru.gmo sl.gmo sv.gmo ta.gmo te.gmo uk.gmo vi.gmo zh_CN.gmo zh_HK.gmo zh_TW.gmo'
GMSGFMT='/usr/bin/msgfmt'
GREP='/usr/bin/grep'
HAVE_PKGCONFIG='yes'
INSTALL_DATA='${INSTALL} -m 644'
INSTALL_PROGRAM='${INSTALL}'
INSTALL_SCRIPT='${INSTALL}'
INSTALL_STRIP_PROGRAM='$(install_sh) -c -s'
INSTOBJEXT='.mo'
INTLLIBS=''
INTLTOOL_CAVES_RULE='%.caves:     %.caves.in     $(INTLTOOL_MERGE) $(wildcard $(top_srcdir)/po/*.po) ; LC_ALL=C $(INTLTOOL_MERGE) -d -u -c $(top_builddir)/po/.intltool-merge-cache $(top_srcdir)/po $< $@'
INTLTOOL_DESKTOP_RULE='%.desktop:   %.desktop.in   $(INTLTOOL_MERGE) $(wildcard $(top_srcdir)/po/*.po) ; LC_ALL=C $(INTLTOOL_MERGE) -d -u -c $(top_builddir)/po/.intltool-merge-cache $(top_srcdir)/po $< $@'
INTLTOOL_DIRECTORY_RULE='%.directory: %.directory.in $(INTLTOOL_MERGE) $(wildcard $(top_srcdir)/po/*.po) ; LC_ALL=C $(INTLTOOL_MERGE) -d -u -c $(top_builddir)/po/.intltool-merge-cache $(top_srcdir)/po $< $@'
INTLTOOL_EXTRACT='/usr/bin/intltool-extract'
INTLTOOL_KBD_RULE='%.kbd:       %.kbd.in       $(INTLTOOL_MERGE) $(wildcard $(top_srcdir)/po/*.po) ; LC_ALL=C $(INTLTOOL_MERGE) -x -u -m -c $(top_builddir)/po/.intltool-merge-cache $(top_srcdir)/po $< $@'
INTLTOOL_KEYS_RULE='%.keys:      %.keys.in      $(INTLTOOL_MERGE) $(wildcard $(top_srcdir)/po/*.po) ; LC_ALL=C $(INTLTOOL_MERGE) -k -u -c $(top_builddir)/po/.intltool-merge-cache $(top_srcdir)/po $< $@'
INTLTOOL_MERGE='/usr/bin/intltool-merge'
INTLTOOL_OAF_RULE='%.oaf:       %.oaf.in       $(INTLTOOL_MERGE) $(wildcard $(top_srcdir)/po/*.po) ; LC_ALL=C $(INTLTOOL_MERGE) -o -p $(top_srcdir)/po $< $@'
INTLTOOL_PERL='/usr/bin/perl'
INTLTOOL_POLICY_RULE='%.policy:    %.policy.in    $(INTLTOOL_MERGE) $(wildcard $(top_srcdir)/po/*.po) ; LC_ALL=C $(INTLTOOL_MERGE) -x -u -c $(top_builddir)/po/.intltool-merge-cache $(top_srcdir)/po $< $@'
INTLTOOL_PONG_RULE='%.pong:      %.pong.in      $(INTLTOOL_MERGE) $(wildcard $(top_srcdir)/po/*.po) ; LC_ALL=C $(INTLTOOL_MERGE) -x -u -c $(top_builddir)/po/.intltool-merge-cache $(top_srcdir)/po $< $@'
INTLTOOL_PROP_RULE='%.prop:      %.prop.in      $(INTLTOOL_MERGE) $(wildcard $(top_srcdir)/po/*.po) ; LC_ALL=C $(INTLTOOL_MERGE) -d -u -c $(top_builddir)/po/.intltool-merge-cache $(top_srcdir)/po $< $@'
INTLTOOL_SCHEMAS_RULE='%.schemas:   %.schemas.in   $(INTLTOOL_MERGE) $(wildcard $(top_srcdir)/po/*.po) ; LC_ALL=C $(INTLTOOL_MERGE) -s -u -c $(top_builddir)/po/.intltool-merge-cache $(top_srcdir)/po $< $@'
INTLTOOL_SERVER_RULE='%.server:    %.server.in    $(INTLTOOL_MERGE) $(wildcard $(top_srcdir)/po/*.po) ; LC_ALL=C $(INTLTOOL_MERGE) -o -u -c $(top_builddir)/po/.intltool-merge-cache $(top_srcdir)/po $< $@'
INTLTOOL_SERVICE_RULE='%.service: %.service.in   $(INTLTOOL_MERGE) $(wildcard $(top_srcdir)/po/*.po) ; LC_ALL=C $(INTLTOOL_MERGE) -d -u -c $(top_builddir)/po/.intltool-merge-cache $(top_srcdir)/po $< $@'
INTLTOOL_SHEET_RULE='%.sheet:     %.sheet.in     $(INTLTOOL_MERGE) $(wildcard $(top_srcdir)/po/*.po) ; LC_ALL=C $(INTLTOOL_MERGE) -x -u -c $(top_builddir)/po/.intltool-merge-cache $(top_srcdir)/po $< $@'
INTLTOOL_SOUNDLIST_RULE='%.soundlist: %.soundlist.in $(INTLTOOL_MERGE) $(wildcard $(top_srcdir)/po/*.po) ; LC_ALL=C $(INTLTOOL_MERGE) -d -u -c $(top_builddir)/po/.intltool-merge-cache $(top_srcdir)/po $< $@'
INTLTOOL_THEME_RULE='%.theme:     %.theme.in     $(INTLTOOL_MERGE) $(wildcard $(top_srcdir)/po/*.po) ; LC_ALL=C $(INTLTOOL_MERGE) -d -u -c $(top_builddir)/po/.intltool-merge-cache $(top_srcdir)/po $< $@'
INTLTOOL_UI_RULE='%.ui:        %.ui.in        $(INTLTOOL_MERGE) $(wildcard $(top_srcdir)/po/*.po) ; LC_ALL=C $(INTLTOOL_MERGE) -x -u -c $(top_builddir)/po/.intltool-merge-cache $(top_srcdir)/po $< $@'
INTLTOOL_UPDATE='/usr/bin/intltool-update'
INTLTOOL_XAM_RULE='%.xam:       %.xml.in       $(INTLTOOL_MERGE) $(wildcard $(top_srcdir)/po/*.po) ; LC_ALL=C $(INTLTOOL_MERGE) -x -u -c $(top_builddir)/po/.intltool-merge-cache $(top_srcdir)/po $< $@'
INTLTOOL_XML_NOMERGE_RULE='%.xml:       %.xml.in       $(INTLTOOL_MERGE) ; LC_ALL=C $(INTLTOOL_MERGE) -x -u /tmp $< $@'
INTLTOOL_XML_RULE='%.xml:       %.xml.in       $(INTLTOOL_MERGE) $(wildcard $(top_srcdir)/po/*.po) ; LC_ALL=C $(INTLTOOL_MERGE) -x -u -c $(top_builddir)/po/.intltool-merge-cache $(top_srcdir)/po $< $@'
LD='/usr/bin/ld -m elf_x86_64'
LDFLAGS='-Wl,-O1,--sort-common,--as-needed,-z,relro,-z,now'
LIBOBJS=''
LIBS=''
LIBTOOL='$(SHELL) $(top_builddir)/libtool'
LIPO=''
LN_S='ln -s'
LTLIBOBJS=''
MAKEINFO='${SHELL} /home/erik/ARCO/ARCOLINUX-PKGBUILD/arcolinux-pkgbuild-3party/ArcoLinux_special/arcolinux-nautilus-share/src/nautilus-share-0.7.3/missing --run makeinfo'
MKDIR_P='/usr/bin/mkdir -p'
MKINSTALLDIRS='./mkinstalldirs'
MSGFMT='/usr/bin/msgfmt'
MSGFMT_OPTS='-c'
MSGMERGE='/usr/bin/msgmerge'
NAUTILUS_CFLAGS='-I/usr/include/nautilus -I/usr/include/glib-2.0 -I/usr/lib/glib-2.0/include -I/usr/include/sysprof-4 -I/usr/include/libmount -I/usr/include/blkid -I/usr/include/gtk-3.0 -I/usr/include/pango-1.0 -I/usr/include/harfbuzz -I/usr/include/freetype2 -I/usr/include/libpng16 -I/usr/include/fribidi -I/usr/include/cairo -I/usr/include/lzo -I/usr/include/pixman-1 -I/usr/include/gdk-pixbuf-2.0 -I/usr/include/gio-unix-2.0 -I/usr/include/cloudproviders -I/usr/include/atk-1.0 -I/usr/include/at-spi2-atk/2.0 -I/usr/include/dbus-1.0 -I/usr/lib/dbus-1.0/include -I/usr/include/at-spi-2.0 -pthread '
NAUTILUS_EXTENSION_DIR='/usr/lib/nautilus/extensions-3.0'
NAUTILUS_LIBS='-lnautilus-extension -lgtk-3 -lgdk-3 -lz -lpangocairo-1.0 -lpango-1.0 -lharfbuzz -latk-1.0 -lcairo-gobject -lcairo -lgdk_pixbuf-2.0 -lgio-2.0 -lgobject-2.0 -lglib-2.0 '
NM='/usr/bin/nm -B'
NMEDIT=''
OBJDUMP='objdump'
OBJEXT='o'
OTOOL64=''
OTOOL=''
PACKAGE='nautilus-share'
PACKAGE_BUGREPORT=''
PACKAGE_NAME='nautilus-share'
PACKAGE_STRING='nautilus-share 0.7.3'
PACKAGE_TARNAME='nautilus-share'
PACKAGE_URL=''
PACKAGE_VERSION='0.7.3'
PATH_SEPARATOR=':'
PKG_CONFIG='/usr/bin/pkg-config'
PKG_CONFIG_LIBDIR=''
PKG_CONFIG_PATH=''
POFILES=' ar.po as.po ast.po bn_IN.po ca.po ca@valencia.po cs.po da.po de.po el.po en_GB.po eo.po es.po et.po de.po dz.po eu.po fi.po fr.po gl.po gu.po he.po hu.po id.po it.po kn.po ko.po lt.po ml.po mr.po nb.po oc.po pa.po pl.po pt.po pt_BR.po ro.po ru.po sl.po sv.po ta.po te.po uk.po vi.po zh_CN.po zh_HK.po zh_TW.po'
POSUB='po'
PO_IN_DATADIR_FALSE=''
PO_IN_DATADIR_TRUE=''
RANLIB='ranlib'
SED='/usr/bin/sed'
SET_MAKE=''
SHELL='/bin/sh'
STRIP='strip'
USE_NLS='yes'
VERSION='0.7.3'
XGETTEXT='/usr/bin/xgettext'
ac_ct_CC='gcc'
ac_ct_DUMPBIN=''
am__EXEEXT_FALSE=''
am__EXEEXT_TRUE='#'
am__fastdepCC_FALSE='#'
am__fastdepCC_TRUE=''
am__include='include'
am__isrc=''
am__leading_dot='.'
am__quote=''
am__tar='${AMTAR} chof - "$$tardir"'
am__untar='${AMTAR} xf -'
bindir='${exec_prefix}/bin'
build='x86_64-unknown-linux-gnu'
build_alias=''
build_cpu='x86_64'
build_os='linux-gnu'
build_vendor='unknown'
datadir='${datarootdir}'
datarootdir='${prefix}/share'
docdir='${datarootdir}/doc/${PACKAGE_TARNAME}'
dvidir='${docdir}'
exec_prefix='${prefix}'
gnomelocaledir='${prefix}/${DATADIRNAME}/locale'
host='x86_64-unknown-linux-gnu'
host_alias=''
host_cpu='x86_64'
host_os='linux-gnu'
host_vendor='unknown'
htmldir='${docdir}'
includedir='${prefix}/include'
infodir='${datarootdir}/info'
install_sh='${SHELL} /home/erik/ARCO/ARCOLINUX-PKGBUILD/arcolinux-pkgbuild-3party/ArcoLinux_special/arcolinux-nautilus-share/src/nautilus-share-0.7.3/install-sh'
interfacesdir='/usr/share/nautilus-share/interfaces'
libdir='${exec_prefix}/lib'
libexecdir='${exec_prefix}/libexec'
localedir='/usr/share/locale'
localstatedir='${prefix}/var'
lt_ECHO='echo'
mandir='${datarootdir}/man'
mkdir_p='/usr/bin/mkdir -p'
oldincludedir='/usr/include'
pdfdir='${docdir}'
prefix='/usr'
program_transform_name='s,x,x,'
psdir='${docdir}'
sbindir='${exec_prefix}/sbin'
sharedstatedir='${prefix}/com'
sysconfdir='${prefix}/etc'
target_alias=''

## ----------- ##
## confdefs.h. ##
## ----------- ##

/* confdefs.h */
#define PACKAGE_NAME "nautilus-share"
#define PACKAGE_TARNAME "nautilus-share"
#define PACKAGE_VERSION "0.7.3"
#define PACKAGE_STRING "nautilus-share 0.7.3"
#define PACKAGE_BUGREPORT ""
#define PACKAGE_URL ""
#define PACKAGE "nautilus-share"
#define VERSION "0.7.3"
#define STDC_HEADERS 1
#define HAVE_SYS_TYPES_H 1
#define HAVE_SYS_STAT_H 1
#define HAVE_STDLIB_H 1
#define HAVE_STRING_H 1
#define HAVE_MEMORY_H 1
#define HAVE_STRINGS_H 1
#define HAVE_INTTYPES_H 1
#define HAVE_STDINT_H 1
#define HAVE_UNISTD_H 1
#define HAVE_DLFCN_H 1
#define LT_OBJDIR ".libs/"
#define INTERFACES_DIR "/usr/share/nautilus-share/interfaces"
#define GETTEXT_PACKAGE "nautilus-share"
#define HAVE_LOCALE_H 1
#define HAVE_LC_MESSAGES 1
#define HAVE_BIND_TEXTDOMAIN_CODESET 1
#define HAVE_GETTEXT 1
#define HAVE_DCGETTEXT 1
#define ENABLE_NLS 1
#define NAUTILUS_SHARE_LOCALEDIR "/usr/share/locale"

configure: exit 0
